c:\users\migue\documents\12344\indigo\release\vc141.pdb
c:\users\migue\documents\12344\indigo\release\skin.obj
c:\users\migue\documents\12344\indigo\release\dynskin.obj
c:\users\migue\documents\12344\indigo\release\radar.obj
c:\users\migue\documents\12344\indigo\release\misc.obj
c:\users\migue\documents\12344\indigo\release\knifebot.obj
c:\users\migue\documents\12344\indigo\release\esp.obj
c:\users\migue\documents\12344\indigo\release\client.obj
c:\users\migue\documents\12344\indigo\release\aimbot.obj
c:\users\migue\documents\12344\indigo\release\sounds.obj
c:\users\migue\documents\12344\indigo\release\steammessages.pb.obj
c:\users\migue\documents\12344\indigo\release\steamdatagram_messages.pb.obj
c:\users\migue\documents\12344\indigo\release\network_connection.pb.obj
c:\users\migue\documents\12344\indigo\release\netmessages.pb.obj
c:\users\migue\documents\12344\indigo\release\gcsystemmsgs.pb.obj
c:\users\migue\documents\12344\indigo\release\gcsdk_gcmessages.pb.obj
c:\users\migue\documents\12344\indigo\release\fatdemo.pb.obj
c:\users\migue\documents\12344\indigo\release\engine_gcmessages.pb.obj
c:\users\migue\documents\12344\indigo\release\econ_gcmessages.pb.obj
c:\users\migue\documents\12344\indigo\release\cstrike15_gcmessages.pb.obj
c:\users\migue\documents\12344\indigo\release\base_gcmessages.pb.obj
c:\users\migue\documents\12344\indigo\release\inventorychanger.obj
c:\users\migue\documents\12344\indigo\release\imgui_impl_dx9.obj
c:\users\migue\documents\12344\indigo\release\imgui_draw.obj
c:\users\migue\documents\12344\indigo\release\imgui.obj
c:\users\migue\documents\12344\indigo\release\image.obj
c:\users\migue\documents\12344\indigo\release\gui.obj
c:\users\migue\documents\12344\indigo\release\cgrenadeapi.obj
c:\users\migue\documents\12344\indigo\release\weapon.obj
c:\users\migue\documents\12344\indigo\release\render.obj
c:\users\migue\documents\12344\indigo\release\players.obj
c:\users\migue\documents\12344\indigo\release\offset.obj
c:\users\migue\documents\12344\indigo\release\netvar.obj
c:\users\migue\documents\12344\indigo\release\hook.obj
c:\users\migue\documents\12344\indigo\release\entity.obj
c:\users\migue\documents\12344\indigo\release\engine.obj
c:\users\migue\documents\12344\indigo\release\csx_utils.obj
c:\users\migue\documents\12344\indigo\release\csx_memory.obj
c:\users\migue\documents\12344\indigo\release\csx_log.obj
c:\users\migue\documents\12344\indigo\release\csx_hook.obj
c:\users\migue\documents\12344\indigo\release\csx_cvar.obj
c:\users\migue\documents\12344\indigo\release\settings.obj
c:\users\migue\documents\12344\indigo\release\vmatrix.obj
c:\users\migue\documents\12344\indigo\release\vector4d.obj
c:\users\migue\documents\12344\indigo\release\vector2d.obj
c:\users\migue\documents\12344\indigo\release\vector.obj
c:\users\migue\documents\12344\indigo\release\sdk.obj
c:\users\migue\documents\12344\indigo\release\keyvalues.obj
c:\users\migue\documents\12344\indigo\release\crc.obj
c:\users\migue\documents\12344\indigo\release\reflectiveloader.obj
c:\users\migue\documents\12344\indigo\release\main.obj
c:\users\migue\documents\12344\indigo\release\license.obj
c:\users\migue\documents\12344\release\ferrum.lib
c:\users\migue\documents\12344\release\ferrum.exp
c:\users\migue\documents\12344\release\ferrum.ipdb
c:\users\migue\documents\12344\release\ferrum.iobj
c:\users\migue\documents\12344\release\ferrum.dll
c:\users\migue\documents\12344\indigo\release\ferrum.tlog\cl.command.1.tlog
c:\users\migue\documents\12344\indigo\release\ferrum.tlog\cl.read.1.tlog
c:\users\migue\documents\12344\indigo\release\ferrum.tlog\cl.write.1.tlog
c:\users\migue\documents\12344\indigo\release\ferrum.tlog\ferrum.write.1u.tlog
c:\users\migue\documents\12344\indigo\release\ferrum.tlog\link.command.1.tlog
c:\users\migue\documents\12344\indigo\release\ferrum.tlog\link.read.1.tlog
c:\users\migue\documents\12344\indigo\release\ferrum.tlog\link.write.1.tlog
